0 info it worked if it ends with ok
1 verbose cli [ '/Users/kongdejian/.nvm/versions/node/v7.4.0/bin/node',
1 verbose cli   '/Users/kongdejian/.nvm/versions/node/v7.4.0/bin/npm',
1 verbose cli   'run',
1 verbose cli   'build' ]
2 info using npm@4.0.5
3 info using node@v7.4.0
4 verbose run-script [ 'prebuild', 'build', 'postbuild' ]
5 info lifecycle module@1.0.0~prebuild: module@1.0.0
6 silly lifecycle module@1.0.0~prebuild: no script for prebuild, continuing
7 info lifecycle module@1.0.0~build: module@1.0.0
8 verbose lifecycle module@1.0.0~build: unsafe-perm in lifecycle true
9 verbose lifecycle module@1.0.0~build: PATH: /Users/kongdejian/.nvm/versions/node/v7.4.0/lib/node_modules/npm/bin/node-gyp-bin:/Users/kongdejian/Documents/移动端课件/es6/module/node_modules/.bin:/Users/kongdejian/.nvm/versions/node/v7.4.0/bin:/Users/kongdejian/Library/Android/sdk/tools:/Users/kongdejian/Library/Android/sdk/platform-tools:/Users/kongdejian/Library/Android/sdk:/Applications/Cocos/frameworks:/Users/kongdejian/Library/Android/sdk:/Applications/Cocos/tools/ant/bin:/Users/kongdejian/COCOA/android-ndk-r10c/:/Users/kongdejian/Library/Android/sdk/tools:/Users/kongdejian/Library/Android/sdk/platform-tools:/Users/kongdejian/Library/Android/sdk:/Applications/Cocos/frameworks/cocos2d-x-3.9/tools/cocos2d-console/bin:/Library/Frameworks/Python.framework/Versions/2.7/bin:/usr/local/bin:/usr/bin:/bin:/usr/sbin:/sbin:/opt/X11/bin
10 verbose lifecycle module@1.0.0~build: CWD: /Users/kongdejian/Documents/移动端课件/es6/module
11 silly lifecycle module@1.0.0~build: Args: [ '-c', 'babel src -d build' ]
12 silly lifecycle module@1.0.0~build: Returned: code: 1  signal: null
13 info lifecycle module@1.0.0~build: Failed to exec build script
14 verbose stack Error: module@1.0.0 build: `babel src -d build`
14 verbose stack Exit status 1
14 verbose stack     at EventEmitter.<anonymous> (/Users/kongdejian/.nvm/versions/node/v7.4.0/lib/node_modules/npm/lib/utils/lifecycle.js:279:16)
14 verbose stack     at emitTwo (events.js:106:13)
14 verbose stack     at EventEmitter.emit (events.js:191:7)
14 verbose stack     at ChildProcess.<anonymous> (/Users/kongdejian/.nvm/versions/node/v7.4.0/lib/node_modules/npm/lib/utils/spawn.js:40:14)
14 verbose stack     at emitTwo (events.js:106:13)
14 verbose stack     at ChildProcess.emit (events.js:191:7)
14 verbose stack     at maybeClose (internal/child_process.js:885:16)
14 verbose stack     at Process.ChildProcess._handle.onexit (internal/child_process.js:226:5)
15 verbose pkgid module@1.0.0
16 verbose cwd /Users/kongdejian/Documents/移动端课件/es6/module
17 error Darwin 16.1.0
18 error argv "/Users/kongdejian/.nvm/versions/node/v7.4.0/bin/node" "/Users/kongdejian/.nvm/versions/node/v7.4.0/bin/npm" "run" "build"
19 error node v7.4.0
20 error npm  v4.0.5
21 error code ELIFECYCLE
22 error module@1.0.0 build: `babel src -d build`
22 error Exit status 1
23 error Failed at the module@1.0.0 build script 'babel src -d build'.
23 error Make sure you have the latest version of node.js and npm installed.
23 error If you do, this is most likely a problem with the module package,
23 error not with npm itself.
23 error Tell the author that this fails on your system:
23 error     babel src -d build
23 error You can get information on how to open an issue for this project with:
23 error     npm bugs module
23 error Or if that isn't available, you can get their info via:
23 error     npm owner ls module
23 error There is likely additional logging output above.
24 verbose exit [ 1, true ]
